<?xml version="1.0" encoding="UTF-8"?>
<!-- Generated by org.testng.reporters.JUnitReportReporter -->
<testsuite skipped="0" hostname="IND-PF0XJQYL-LT" name="com.mmt.tests.HomePageTests" tests="2" failures="0" timestamp="2019-04-24T22:33:13 IST" time="23.499" errors="0">
  <testcase name="verifyTitle" time="0.016" classname="com.mmt.tests.HomePageTests"/>
  <testcase name="searchFlights" time="23.483" classname="com.mmt.tests.HomePageTests"/>
</testsuite> <!-- com.mmt.tests.HomePageTests -->
