<?xml version="1.0" encoding="UTF-8"?>
<!-- Generated by org.testng.reporters.JUnitReportReporter -->
<testsuite skipped="1" hostname="IND-PF0XJQYL-LT" name="com.mmt.tests.HomePageTests" tests="2" failures="0" timestamp="2019-04-25T12:03:35 IST" time="20.670" errors="0">
  <testcase name="verifyTitle" time="20.670" classname="com.mmt.tests.HomePageTests"/>
  <testcase name="searchFlights" classname="com.mmt.tests.HomePageTests">
    <skipped/>
  </testcase> <!-- searchFlights -->
</testsuite> <!-- com.mmt.tests.HomePageTests -->
