<?xml version="1.0" encoding="UTF-8"?>
<!-- Generated by org.testng.reporters.JUnitReportReporter -->
<testsuite skipped="0" hostname="IND-PF0XJQYL-LT" name="com.mmt.tests.SearchPageTestsRandom" tests="3" failures="0" timestamp="2019-04-25T17:36:19 IST" time="618.337" errors="0">
  <testcase name="verifyTotalAmount" time="202.064" classname="com.mmt.tests.SearchPageTestsRandom"/>
  <testcase name="verifyTotalAmount" time="206.844" classname="com.mmt.tests.SearchPageTestsRandom"/>
  <testcase name="verifyTotalAmount" time="209.429" classname="com.mmt.tests.SearchPageTestsRandom"/>
</testsuite> <!-- com.mmt.tests.SearchPageTestsRandom -->
