<?xml version="1.0" encoding="UTF-8"?>
<!-- Generated by org.testng.reporters.JUnitReportReporter -->
<testsuite skipped="0" hostname="IND-PF0XJQYL-LT" name="com.mmt.tests.SearchPageTests" tests="1" failures="0" timestamp="2019-04-25T17:36:19 IST" time="82.533" errors="0">
  <testcase name="printFlightCounts" time="82.533" classname="com.mmt.tests.SearchPageTests"/>
</testsuite> <!-- com.mmt.tests.SearchPageTests -->
