<?xml version="1.0" encoding="UTF-8"?>
<!-- Generated by org.testng.reporters.JUnitReportReporter -->
<testsuite skipped="0" hostname="IND-PF0XJQYL-LT" name="com.mmt.tests.HomePageTests" tests="2" failures="0" timestamp="2019-04-22T12:22:33 IST" time="0.044" errors="0">
  <testcase name="verifyFlightsActive" time="0.001" classname="com.mmt.tests.HomePageTests"/>
  <testcase name="verifyTitle" time="0.043" classname="com.mmt.tests.HomePageTests"/>
</testsuite> <!-- com.mmt.tests.HomePageTests -->
