<?xml version="1.0" encoding="UTF-8"?>
<!-- Generated by org.testng.reporters.JUnitReportReporter -->
<testsuite skipped="0" hostname="Rajs-MacBook-Air.local" name="com.mmt.tests.HomePageTests" tests="2" failures="0" timestamp="2019-04-24T23:17:56 IST" time="17.840" errors="0">
  <testcase name="verifyTitle" time="0.020" classname="com.mmt.tests.HomePageTests"/>
  <testcase name="searchFlights" time="17.820" classname="com.mmt.tests.HomePageTests"/>
</testsuite> <!-- com.mmt.tests.HomePageTests -->
