<?xml version="1.0" encoding="UTF-8"?>
<!-- Generated by org.testng.reporters.JUnitReportReporter -->
<testsuite skipped="0" hostname="Rajs-MacBook-Air.local" name="com.mmt.tests.SearchPageTestsRandom" tests="1" failures="0" timestamp="2019-04-24T23:17:56 IST" time="40.910" errors="0">
  <testcase name="verifyTotalAmount" time="40.910" classname="com.mmt.tests.SearchPageTestsRandom"/>
</testsuite> <!-- com.mmt.tests.SearchPageTestsRandom -->
