<?xml version="1.0" encoding="UTF-8"?>
<!-- Generated by org.testng.reporters.JUnitReportReporter -->
<testsuite skipped="0" hostname="Rajs-MacBook-Air.local" name="com.mmt.tests.HomePageTests" tests="2" failures="0" timestamp="2019-04-28T15:35:42 IST" time="29.569" errors="0">
  <testcase name="verifyTitle" time="3.881" classname="com.mmt.tests.HomePageTests"/>
  <testcase name="searchFlights" time="25.688" classname="com.mmt.tests.HomePageTests"/>
</testsuite> <!-- com.mmt.tests.HomePageTests -->
