<?xml version="1.0" encoding="UTF-8"?>
<!-- Generated by org.testng.reporters.JUnitReportReporter -->
<testsuite skipped="0" hostname="Rajs-MacBook-Air.local" name="com.mmt.tests.SearchPageTests" tests="1" failures="0" timestamp="2019-04-28T15:35:42 IST" time="50.519" errors="0">
  <testcase name="printFlightCounts" time="50.519" classname="com.mmt.tests.SearchPageTests"/>
</testsuite> <!-- com.mmt.tests.SearchPageTests -->
