<?xml version="1.0" encoding="UTF-8"?>
<!-- Generated by org.testng.reporters.JUnitReportReporter -->
<testsuite skipped="0" hostname="Rajs-MacBook-Air.local" name="com.mmt.tests.HomePageTests" tests="2" failures="0" timestamp="2019-04-28T15:26:22 IST" time="34.325" errors="0">
  <testcase name="verifyTitle" time="5.001" classname="com.mmt.tests.HomePageTests"/>
  <testcase name="searchFlights" time="29.324" classname="com.mmt.tests.HomePageTests"/>
</testsuite> <!-- com.mmt.tests.HomePageTests -->
